<<<<<<< HEAD
2025-07-03 09:55:31,537 INFO: create_app() called
2025-07-03 09:55:32,000 INFO: create_app() called
2025-07-03 09:56:18,201 INFO: create_app() called
2025-07-03 09:56:18,659 INFO: create_app() called
2025-07-03 10:12:33,619 INFO: create_app() called
2025-07-03 10:12:34,061 INFO: create_app() called
2025-07-03 10:29:34,679 INFO: create_app() called
2025-07-03 10:29:35,122 INFO: create_app() called
2025-07-03 10:31:59,694 INFO: create_app() called
2025-07-03 10:32:00,101 INFO: create_app() called
2025-07-03 10:36:17,963 INFO: create_app() called
2025-07-03 10:36:18,441 INFO: create_app() called
2025-07-03 10:42:33,973 INFO: create_app() called
2025-07-03 10:42:34,412 INFO: create_app() called
2025-07-03 10:46:36,649 INFO: create_app() called
2025-07-03 10:46:37,077 INFO: create_app() called
2025-07-03 10:49:55,369 INFO: create_app() called
2025-07-03 10:49:55,903 INFO: create_app() called
2025-07-03 10:53:20,411 INFO: create_app() called
2025-07-03 10:53:20,934 INFO: create_app() called
2025-07-03 11:33:13,975 INFO: create_app() called
2025-07-03 11:33:14,741 INFO: create_app() called
2025-07-03 11:36:54,880 INFO: create_app() called
2025-07-03 11:36:55,374 INFO: create_app() called
2025-07-03 11:42:56,324 INFO: create_app() called
2025-07-03 11:43:44,754 INFO: create_app() called
2025-07-03 11:43:45,378 INFO: create_app() called
2025-07-03 11:46:13,395 INFO: create_app() called
2025-07-03 11:46:13,943 INFO: create_app() called
2025-07-03 11:48:21,330 INFO: create_app() called
2025-07-03 11:48:21,943 INFO: create_app() called
2025-07-03 11:53:43,047 INFO: create_app() called
2025-07-03 11:53:43,604 INFO: create_app() called
2025-07-03 11:54:47,891 INFO: create_app() called
2025-07-03 11:54:48,549 INFO: create_app() called
2025-07-03 11:57:46,989 INFO: create_app() called
2025-07-03 11:57:47,595 INFO: create_app() called
2025-07-03 11:59:51,793 INFO: create_app() called
2025-07-03 11:59:52,393 INFO: create_app() called
2025-07-03 12:01:36,992 INFO: create_app() called
2025-07-03 12:01:37,639 INFO: create_app() called
=======
2025-07-03 10:19:36,652 INFO: create_app() called
2025-07-03 10:21:14,659 INFO: create_app() called
2025-07-03 10:21:15,081 INFO: create_app() called
2025-07-03 10:27:02,201 INFO: create_app() called
2025-07-03 10:27:02,574 INFO: create_app() called
2025-07-03 10:29:09,126 INFO: create_app() called
2025-07-03 10:29:09,662 INFO: create_app() called
2025-07-03 10:43:14,853 INFO: create_app() called
2025-07-03 10:43:15,427 INFO: create_app() called
2025-07-03 10:56:00,661 INFO: create_app() called
2025-07-03 10:56:01,181 INFO: create_app() called
2025-07-03 10:59:46,079 INFO: create_app() called
2025-07-03 10:59:46,553 INFO: create_app() called
2025-07-03 11:12:23,786 INFO: create_app() called
2025-07-03 11:12:24,368 INFO: create_app() called
2025-07-03 11:20:29,923 INFO: create_app() called
2025-07-03 11:20:30,436 INFO: create_app() called
2025-07-03 11:21:10,096 INFO: create_app() called
2025-07-03 11:21:10,617 INFO: create_app() called
2025-07-03 11:21:30,286 INFO: create_app() called
2025-07-03 11:21:30,770 INFO: create_app() called
2025-07-03 11:30:58,387 INFO: create_app() called
2025-07-03 11:30:58,808 INFO: create_app() called
2025-07-03 11:33:00,813 INFO: create_app() called
2025-07-03 11:33:01,283 INFO: create_app() called
>>>>>>> origin/main
2025-07-03 21:50:32,713 INFO: create_app() called
2025-07-03 21:50:33,870 INFO: create_app() called
2025-07-03 22:04:08,001 INFO: New account has been registered with email: re15@gmail.com
2025-07-03 22:04:11,301 INFO: User "test" logged in successfully
2025-07-03 22:04:30,427 INFO: User "test" logged out successfully
2025-07-03 22:04:49,019 INFO: User "test" logged in successfully
2025-07-03 22:55:21,864 INFO: create_app() called
2025-07-03 22:55:23,117 INFO: create_app() called
2025-07-03 22:56:35,060 WARNING: User not found for given token
2025-07-03 22:57:41,381 INFO: New account has been registered with email: re15@gmail.com
2025-07-03 22:57:44,567 INFO: User "test" logged in successfully
2025-07-03 23:35:26,430 INFO: create_app() called
2025-07-03 23:35:27,005 INFO: create_app() called
2025-07-03 23:36:03,208 WARNING: User not found for given token
2025-07-03 23:37:12,084 INFO: New account has been registered with email: re15@gmail.com
2025-07-03 23:37:16,453 INFO: User "test" logged in successfully
2025-07-03 23:41:35,697 INFO: create_app() called
2025-07-03 23:41:36,901 INFO: create_app() called
2025-07-03 23:43:53,275 WARNING: User not found for given token
2025-07-03 23:43:56,526 WARNING: User not found for given token
2025-07-03 23:44:11,690 INFO: New account has been registered with email: re15@gmail.com
2025-07-03 23:44:14,809 INFO: User "test" logged in successfully
2025-07-03 23:46:29,474 INFO: User "test" logged out successfully
2025-07-03 23:46:41,892 INFO: New account has been registered with email: re16@gmail.com
2025-07-03 23:46:53,940 INFO: User "testt" logged in successfully
2025-07-03 23:52:10,203 INFO: User "testt" uploaded a new profile image!
2025-07-04 00:13:28,128 INFO: create_app() called
2025-07-04 00:13:28,938 INFO: create_app() called
2025-07-04 00:14:08,076 WARNING: User not found for given token
2025-07-04 00:14:23,874 INFO: New account has been registered with email: re15@gmail.com
2025-07-04 00:14:26,745 INFO: User "test" logged in successfully
2025-07-04 00:17:19,899 INFO: create_app() called
2025-07-04 00:17:21,070 INFO: create_app() called
2025-07-04 00:18:23,821 WARNING: User not found for given token
2025-07-04 00:18:34,947 INFO: New account has been registered with email: re15@gmail.com
2025-07-04 00:18:38,101 WARNING: Failed login for user test
2025-07-04 00:18:40,101 INFO: User "test" logged in successfully
2025-07-04 00:21:40,713 INFO: User "test" logged out successfully
2025-07-04 00:21:48,621 INFO: New account has been registered with email: remy15@gmail.com
2025-07-04 00:21:52,429 INFO: User "ger" logged in successfully
2025-07-04 00:36:54,883 INFO: create_app() called
2025-07-04 00:36:58,720 INFO: create_app() called
2025-07-04 00:40:00,206 INFO: create_app() called
2025-07-04 00:40:01,238 INFO: create_app() called
2025-07-04 00:42:24,063 INFO: New account has been registered with email: remy15@gmail.com
2025-07-04 00:42:27,996 INFO: User "est" logged in successfully
2025-07-04 00:54:00,131 INFO: User "est" logged out successfully
2025-07-04 00:54:20,741 INFO: New account has been registered with email: re15@gmail.com
2025-07-04 00:54:25,665 INFO: User "jere" logged in successfully
2025-07-04 01:04:43,331 INFO: User "jere" uploaded a new profile image!
2025-07-04 01:37:34,872 INFO: create_app() called
2025-07-04 01:37:35,850 INFO: create_app() called
2025-07-04 01:39:42,666 WARNING: User not found for given token
2025-07-04 01:39:51,154 INFO: New account has been registered with email: re15@gmail.com
2025-07-04 01:39:54,610 INFO: User "test" logged in successfully
2025-07-04 01:55:49,869 INFO: User "test" logged out successfully
2025-07-04 01:56:06,957 INFO: New account has been registered with email: remy15@gmail.com
2025-07-04 01:56:10,854 INFO: User "jer" logged in successfully
2025-07-04 02:10:45,858 INFO: create_app() called
2025-07-04 02:10:46,996 INFO: create_app() called
2025-07-04 02:12:03,402 WARNING: User not found for given token
2025-07-04 02:13:09,261 INFO: New account has been registered with email: remy15@gmail.com
2025-07-04 02:13:34,197 INFO: New account has been registered with email: re15@gmail.com
2025-07-04 02:13:37,919 INFO: User "rremy" logged in successfully
2025-07-04 02:16:19,615 INFO: create_app() called
2025-07-04 02:16:19,966 INFO: create_app() called
2025-07-04 02:18:21,175 WARNING: User not found for given token
2025-07-04 02:21:51,978 INFO: create_app() called
2025-07-04 02:21:52,266 INFO: create_app() called
2025-07-04 02:23:45,684 INFO: New account has been registered with email: re15@gmail.com
2025-07-04 02:23:48,999 INFO: User "test" logged in successfully
2025-07-04 02:24:58,086 INFO: User "test" logged out successfully
2025-07-04 02:26:05,780 INFO: New account has been registered with email: remy15@gmail.com
2025-07-04 02:26:09,321 INFO: User "ger" logged in successfully
2025-07-04 02:27:05,386 INFO: User "ger" logged out successfully
2025-07-04 02:27:12,711 INFO: User "test" logged in successfully
2025-07-04 02:41:02,097 INFO: create_app() called
2025-07-04 02:41:04,503 INFO: create_app() called
2025-07-04 02:42:17,782 INFO: New account has been registered with email: re15@gmail.com
2025-07-04 02:42:20,772 INFO: User "test" logged in successfully
2025-07-04 02:57:43,803 INFO: create_app() called
2025-07-04 02:57:46,535 INFO: create_app() called
2025-07-04 02:58:55,338 INFO: New account has been registered with email: re15@gmail.com
2025-07-04 02:58:59,268 INFO: User "rest" logged in successfully
2025-07-04 03:00:07,223 INFO: User "rest" logged out successfully
2025-07-04 03:21:47,639 INFO: create_app() called
2025-07-04 03:21:48,378 INFO: create_app() called
2025-07-04 03:23:47,215 INFO: New account has been registered with email: re15@gmail.com
2025-07-04 03:23:51,305 INFO: User "test" logged in successfully
2025-07-04 04:11:31,595 INFO: create_app() called
2025-07-04 04:11:32,029 INFO: create_app() called
2025-07-04 04:13:10,740 INFO: create_app() called
2025-07-04 04:13:11,049 INFO: create_app() called
2025-07-04 04:15:18,502 INFO: New account has been registered with email: re15@gmail.com
2025-07-04 04:15:21,553 INFO: User "test" logged in successfully
2025-07-04 04:28:58,543 INFO: User "test" uploaded a new profile image!
2025-07-04 04:32:26,704 INFO: User "test" logged out successfully
2025-07-04 04:32:33,866 INFO: New account has been registered with email: remy15@gmail.com
2025-07-04 04:32:37,647 INFO: User "john" logged in successfully
2025-07-04 04:33:30,297 INFO: User "john" uploaded a new profile image!
2025-07-04 04:50:09,569 INFO: create_app() called
2025-07-04 04:50:10,027 INFO: create_app() called
